0 info it worked if it ends with ok
1 verbose cli [ 'node', '/usr/local/bin/npm', 'install', '-g', 'npm' ]
2 info using npm@1.4.28
3 info using node@v0.10.35
4 verbose cache add [ 'npm', null ]
5 verbose cache add name=undefined spec="npm" args=["npm",null]
6 verbose parsed url { protocol: null,
6 verbose parsed url   slashes: null,
6 verbose parsed url   auth: null,
6 verbose parsed url   host: null,
6 verbose parsed url   port: null,
6 verbose parsed url   hostname: null,
6 verbose parsed url   hash: null,
6 verbose parsed url   search: null,
6 verbose parsed url   query: null,
6 verbose parsed url   pathname: 'npm',
6 verbose parsed url   path: 'npm',
6 verbose parsed url   href: 'npm' }
7 silly lockFile 660051d1-npm npm
8 verbose lock npm /Users/Home/.npm/660051d1-npm.lock
9 silly lockFile 660051d1-npm npm
10 silly lockFile 660051d1-npm npm
11 verbose addNamed [ 'npm', '' ]
12 verbose addNamed [ null, '*' ]
13 silly lockFile 2f990b75-npm npm@
14 verbose lock npm@ /Users/Home/.npm/2f990b75-npm.lock
15 silly addNameRange { name: 'npm', range: '*', hasData: false }
16 verbose request where is /npm
17 verbose request registry https://registry.npmjs.org/
18 verbose request id 4cc9d5d2850ec9f3
19 verbose url raw /npm
20 verbose url resolving [ 'https://registry.npmjs.org/', './npm' ]
21 verbose url resolved https://registry.npmjs.org/npm
22 verbose request where is https://registry.npmjs.org/npm
23 info trying registry request attempt 1 at 14:55:40
24 verbose etag "CXPTB26N9SG1Y5D0IISQ9YZ8Z"
25 http GET https://registry.npmjs.org/npm
26 http 200 https://registry.npmjs.org/npm
27 silly registry.get cb [ 200,
27 silly registry.get   { date: 'Thu, 29 Jan 2015 13:55:43 GMT',
27 silly registry.get     server: 'CouchDB/1.5.0 (Erlang OTP/R16B03)',
27 silly registry.get     etag: '"5W4WB4P0MIVDM2U7EL4GJHXHG"',
27 silly registry.get     'content-type': 'application/json',
27 silly registry.get     'cache-control': 'max-age=60',
27 silly registry.get     'content-length': '1905108',
27 silly registry.get     'accept-ranges': 'bytes',
27 silly registry.get     via: '1.1 varnish',
27 silly registry.get     age: '52',
27 silly registry.get     'x-served-by': 'cache-ams4138-AMS',
27 silly registry.get     'x-cache': 'HIT',
27 silly registry.get     'x-cache-hits': '1',
27 silly registry.get     'x-timer': 'S1422539743.076342,VS0,VE11',
27 silly registry.get     vary: 'Accept',
27 silly registry.get     'keep-alive': 'timeout=10, max=50',
27 silly registry.get     connection: 'Keep-Alive' } ]
28 silly addNameRange number 2 { name: 'npm', range: '*', hasData: true }
29 silly addNameRange versions [ 'npm',
29 silly addNameRange   [ '1.1.25',
29 silly addNameRange     '1.2.32',
29 silly addNameRange     '1.3.2',
29 silly addNameRange     '1.3.4',
29 silly addNameRange     '1.2.20',
29 silly addNameRange     '1.2.21',
29 silly addNameRange     '1.2.22',
29 silly addNameRange     '1.2.23',
29 silly addNameRange     '1.2.24',
29 silly addNameRange     '1.2.25',
29 silly addNameRange     '1.2.27',
29 silly addNameRange     '1.2.28',
29 silly addNameRange     '1.2.30',
29 silly addNameRange     '1.2.31',
29 silly addNameRange     '1.3.0',
29 silly addNameRange     '1.3.1',
29 silly addNameRange     '1.2.19',
29 silly addNameRange     '1.1.70',
29 silly addNameRange     '1.1.71',
29 silly addNameRange     '1.3.5',
29 silly addNameRange     '1.3.6',
29 silly addNameRange     '1.3.7',
29 silly addNameRange     '1.3.8',
29 silly addNameRange     '1.3.9',
29 silly addNameRange     '1.3.10',
29 silly addNameRange     '1.3.11',
29 silly addNameRange     '1.3.12',
29 silly addNameRange     '1.3.13',
29 silly addNameRange     '1.3.14',
29 silly addNameRange     '1.3.15',
29 silly addNameRange     '1.3.16',
29 silly addNameRange     '1.3.17',
29 silly addNameRange     '1.3.18',
29 silly addNameRange     '1.3.20',
29 silly addNameRange     '1.3.21',
29 silly addNameRange     '1.3.22',
29 silly addNameRange     '1.3.23',
29 silly addNameRange     '1.3.24',
29 silly addNameRange     '1.3.25',
29 silly addNameRange     '1.3.26',
29 silly addNameRange     '1.4.0',
29 silly addNameRange     '1.4.1',
29 silly addNameRange     '1.4.2',
29 silly addNameRange     '1.4.3',
29 silly addNameRange     '1.4.4',
29 silly addNameRange     '1.4.5',
29 silly addNameRange     '1.4.6',
29 silly addNameRange     '1.4.7',
29 silly addNameRange     '1.4.8',
29 silly addNameRange     '1.4.9',
29 silly addNameRange     '1.4.10',
29 silly addNameRange     '1.4.11',
29 silly addNameRange     '1.4.12',
29 silly addNameRange     '1.4.13',
29 silly addNameRange     '1.4.14',
29 silly addNameRange     '1.4.15',
29 silly addNameRange     '1.4.16',
29 silly addNameRange     '1.2.8000',
29 silly addNameRange     '1.4.17',
29 silly addNameRange     '1.4.18',
29 silly addNameRange     '1.4.19',
29 silly addNameRange     '1.5.0-alpha-0',
29 silly addNameRange     '1.5.0-alpha-1',
29 silly addNameRange     '1.4.20',
29 silly addNameRange     '1.5.0-alpha-2',
29 silly addNameRange     '1.4.21',
29 silly addNameRange     '1.5.0-alpha-3',
29 silly addNameRange     '1.5.0-alpha-4',
29 silly addNameRange     '2.0.0-alpha-5',
29 silly addNameRange     '1.4.22',
29 silly addNameRange     '1.4.23',
29 silly addNameRange     '2.0.0-alpha.6.0',
29 silly addNameRange     '1.4.24',
29 silly addNameRange     '2.0.0-alpha.6',
29 silly addNameRange     '2.0.0-alpha.7',
29 silly addNameRange     '2.0.0-beta.0',
29 silly addNameRange     '1.4.25',
29 silly addNameRange     '2.0.0-beta.1',
29 silly addNameRange     '1.4.26',
29 silly addNameRange     '2.0.0-beta.2',
29 silly addNameRange     '1.4.27',
29 silly addNameRange     '2.0.0-beta.3',
29 silly addNameRange     '1.4.28',
29 silly addNameRange     '2.0.0',
29 silly addNameRange     '2.0.1',
29 silly addNameRange     '2.0.2',
29 silly addNameRange     '2.1.0',
29 silly addNameRange     '2.1.1',
29 silly addNameRange     '2.1.2',
29 silly addNameRange     '2.1.3',
29 silly addNameRange     '2.1.4',
29 silly addNameRange     '2.1.5',
29 silly addNameRange     '2.1.6',
29 silly addNameRange     '2.1.7',
29 silly addNameRange     '2.1.8',
29 silly addNameRange     '2.1.9',
29 silly addNameRange     '2.1.10',
29 silly addNameRange     '2.1.11',
29 silly addNameRange     '2.1.12',
29 silly addNameRange     '2.1.13',
29 silly addNameRange     '2.1.14',
29 silly addNameRange     '2.1.15',
29 silly addNameRange     '2.1.16',
29 silly addNameRange     '2.1.17',
29 silly addNameRange     '2.1.18',
29 silly addNameRange     '2.2.0',
29 silly addNameRange     '2.3.0',
29 silly addNameRange     '2.4.0',
29 silly addNameRange     '2.4.1' ] ]
30 verbose addNamed [ 'npm', '2.3.0' ]
31 verbose addNamed [ '2.3.0', '2.3.0' ]
32 silly lockFile d58a0c01-npm-2-3-0 npm@2.3.0
33 verbose lock npm@2.3.0 /Users/Home/.npm/d58a0c01-npm-2-3-0.lock
34 silly lockFile 9cce1b0a-stry-npmjs-org-npm-npm-2-3-0-tgz https://registry.npmjs.org/npm/-/npm-2.3.0.tgz
35 verbose lock https://registry.npmjs.org/npm/-/npm-2.3.0.tgz /Users/Home/.npm/9cce1b0a-stry-npmjs-org-npm-npm-2-3-0-tgz.lock
36 verbose addRemoteTarball [ 'https://registry.npmjs.org/npm/-/npm-2.3.0.tgz',
36 verbose addRemoteTarball   '3588ec5c18fb5ac41e5721b0ea8ece3a85ab8b4b' ]
37 info retry fetch attempt 1 at 14:55:41
38 verbose fetch to= /var/folders/zm/c45hbmyd6d97h_k6rxrprbhm0000gn/T/npm-4686-DBvmBqcz/registry.npmjs.org/npm/-/npm-2.3.0.tgz
39 http GET https://registry.npmjs.org/npm/-/npm-2.3.0.tgz
40 http 200 https://registry.npmjs.org/npm/-/npm-2.3.0.tgz
41 silly lockFile 9cce1b0a-stry-npmjs-org-npm-npm-2-3-0-tgz https://registry.npmjs.org/npm/-/npm-2.3.0.tgz
42 silly lockFile 9cce1b0a-stry-npmjs-org-npm-npm-2-3-0-tgz https://registry.npmjs.org/npm/-/npm-2.3.0.tgz
43 silly lockFile d58a0c01-npm-2-3-0 npm@2.3.0
44 silly lockFile d58a0c01-npm-2-3-0 npm@2.3.0
45 silly lockFile 2f990b75-npm npm@
46 silly lockFile 2f990b75-npm npm@
47 error Error: EACCES, mkdir '/Users/Home/.npm/npm/2.3.0'
47 error  { [Error: EACCES, mkdir '/Users/Home/.npm/npm/2.3.0'] errno: 3, code: 'EACCES', path: '/Users/Home/.npm/npm/2.3.0' }
48 error Please try running this command again as root/Administrator.
49 error System Darwin 14.1.0
50 error command "node" "/usr/local/bin/npm" "install" "-g" "npm"
51 error cwd /Users/Home/Dropbox/Development/agnes
52 error node -v v0.10.35
53 error npm -v 1.4.28
54 error path /Users/Home/.npm/npm/2.3.0
55 error code EACCES
56 error errno 3
57 error stack Error: EACCES, mkdir '/Users/Home/.npm/npm/2.3.0'
58 verbose exit [ 3, true ]
